@main {
    a = Constant("47", false)
    b = Constant("42", false)
    cond = Constant("true", false)
  .left
    a = Constant("47", false)
    b = Constant("1", false)
    c = Constant("5", false)
    cond = Constant("true", false)
  .right
    a = Constant("2", false)
    b = Constant("42", false)
    c = Constant("10", false)
    cond = Constant("true", false)
  .end
    a = Constant("2", false)
    a = Constant("47", false)
    b = Constant("1", false)
    b = Constant("42", false)
    c = Constant("10", false)
    c = Constant("5", false)
    cond = Constant("true", false)
    d = Op("sub", ["a", "c"], [], [])
}
